0 info it worked if it ends with ok
1 verbose cli [ '/Users/clmlud/.nvm/versions/node/v0.12.7/bin/node',
1 verbose cli   '/Users/clmlud/.nvm/versions/node/v0.12.7/bin/npm',
1 verbose cli   'start' ]
2 info using npm@2.11.3
3 info using node@v0.12.7
4 verbose node symlink /Users/clmlud/.nvm/versions/node/v0.12.7/bin/node
5 verbose run-script [ 'prestart', 'start', 'poststart' ]
6 info prestart sound-of-twitter@0.1.0
7 info start sound-of-twitter@0.1.0
8 verbose unsafe-perm in lifecycle true
9 info sound-of-twitter@0.1.0 Failed to exec start script
10 verbose stack Error: sound-of-twitter@0.1.0 start: `babel-node src/server/index.js`
10 verbose stack Exit status 1
10 verbose stack     at EventEmitter.<anonymous> (/Volumes/Users/clmlud/.nvm/versions/node/v0.12.7/lib/node_modules/npm/lib/utils/lifecycle.js:213:16)
10 verbose stack     at EventEmitter.emit (events.js:110:17)
10 verbose stack     at ChildProcess.<anonymous> (/Volumes/Users/clmlud/.nvm/versions/node/v0.12.7/lib/node_modules/npm/lib/utils/spawn.js:24:14)
10 verbose stack     at ChildProcess.emit (events.js:110:17)
10 verbose stack     at maybeClose (child_process.js:1015:16)
10 verbose stack     at Process.ChildProcess._handle.onexit (child_process.js:1087:5)
11 verbose pkgid sound-of-twitter@0.1.0
12 verbose cwd /Volumes/Users/clmlud/Documents/Workspace/Proactive/sound-of-twitter
13 error Darwin 13.3.0
14 error argv "/Users/clmlud/.nvm/versions/node/v0.12.7/bin/node" "/Users/clmlud/.nvm/versions/node/v0.12.7/bin/npm" "start"
15 error node v0.12.7
16 error npm  v2.11.3
17 error code ELIFECYCLE
18 error sound-of-twitter@0.1.0 start: `babel-node src/server/index.js`
18 error Exit status 1
19 error Failed at the sound-of-twitter@0.1.0 start script 'babel-node src/server/index.js'.
19 error This is most likely a problem with the sound-of-twitter package,
19 error not with npm itself.
19 error Tell the author that this fails on your system:
19 error     babel-node src/server/index.js
19 error You can get their info via:
19 error     npm owner ls sound-of-twitter
19 error There is likely additional logging output above.
20 verbose exit [ 1, true ]
